Using pre-set license
Built from '2020.3/staging' branch; Version is '2020.3.20f1 (41c4e627c95f) revision 4310246'; Using compiler version '192528614'; Build Type 'Release'
OS: 'Windows 10 Pro; OS build 19042.1526; Version 2009; 64bit' Language: 'ru' Physical Memory: 8140 MB
BatchMode: 1, IsHumanControllingUs: 0, StartBugReporterOnCrash: 0, Is64bit: 1, IsPro: 0

COMMAND LINE ARGUMENTS:
D:\Unity\2020.3.20f1\Editor\Unity.exe
-adb2
-batchMode
-noUpm
-name
AssetImportWorker0
-projectPath
D:/GitHub/FNaMAV/FNaMAV
-logFile
Logs/AssetImportWorker0.log
-srvPort
55720
Successfully changed project path to: D:/GitHub/FNaMAV/FNaMAV
D:/GitHub/FNaMAV/FNaMAV
Using Asset Import Pipeline V2.
Refreshing native plugins compatible for Editor in 271.40 ms, found 2 plugins.
Preloading 0 native plugins for Editor in 0.00 ms.
Initialize engine version: 2020.3.20f1 (41c4e627c95f)
[Subsystems] Discovering subsystems at path D:/Unity/2020.3.20f1/Editor/Data/Resources/UnitySubsystems
[Subsystems] Discovering subsystems at path D:/GitHub/FNaMAV/FNaMAV/Assets
GfxDevice: creating device client; threaded=0
Direct3D:
    Version:  Direct3D 11.0 [level 11.1]
    Renderer: Radeon RX 560 Series (ID=0x67ff)
    Vendor:   
    VRAM:     4075 MB
    Driver:   30.0.13033.1000
Initialize mono
Mono path[0] = 'D:/Unity/2020.3.20f1/Editor/Data/Managed'
Mono path[1] = 'D:/Unity/2020.3.20f1/Editor/Data/MonoBleedingEdge/lib/mono/unityjit'
Mono config path = 'D:/Unity/2020.3.20f1/Editor/Data/MonoBleedingEdge/etc'
Using monoOptions --debugger-agent=transport=dt_socket,embedding=1,server=y,suspend=n,address=127.0.0.1:56424
Begin MonoManager ReloadAssembly
Registering precompiled unity dll's ...
Register platform support module: D:/Unity/2020.3.20f1/Editor/Data/PlaybackEngines/WindowsStandaloneSupport/UnityEditor.WindowsStandalone.Extensions.dll
Registered in 0.003321 seconds.
Native extension for WindowsStandalone target not found
Refreshing native plugins compatible for Editor in 67.11 ms, found 2 plugins.
Preloading 0 native plugins for Editor in 0.00 ms.
Mono: successfully reloaded assembly
- Completed reload, in  3.857 seconds
Domain Reload Profiling:
	ReloadAssembly (3882ms)
		BeginReloadAssembly (204ms)
			ExecutionOrderSort (0ms)
			DisableScriptedObjects (0ms)
			BackupInstance (0ms)
			ReleaseScriptingObjects (0ms)
			CreateAndSetChildDomain (1ms)
		EndReloadAssembly (1013ms)
			LoadAssemblies (179ms)
			RebuildTransferFunctionScriptingTraits (0ms)
			SetupTypeCache (311ms)
			ReleaseScriptCaches (0ms)
			RebuildScriptCaches (93ms)
			SetupLoadedEditorAssemblies (471ms)
				LogAssemblyErrors (0ms)
				InitializePlatformSupportModulesInManaged (8ms)
				SetLoadedEditorAssemblies (1ms)
				RefreshPlugins (68ms)
				BeforeProcessingInitializeOnLoad (23ms)
				ProcessInitializeOnLoadAttributes (287ms)
				ProcessInitializeOnLoadMethodAttributes (83ms)
				AfterProcessingInitializeOnLoad (0ms)
				EditorAssembliesLoaded (0ms)
			ExecutionOrderSort2 (0ms)
			AwakeInstancesAfterBackupRestoration (0ms)
Platform modules already initialized, skipping
Registering precompiled user dll's ...
Registered in 0.003463 seconds.
Begin MonoManager ReloadAssembly
Native extension for WindowsStandalone target not found
Refreshing native plugins compatible for Editor in 0.61 ms, found 2 plugins.
Preloading 0 native plugins for Editor in 0.00 ms.
Mono: successfully reloaded assembly
- Completed reload, in  2.083 seconds
Domain Reload Profiling:
	ReloadAssembly (2085ms)
		BeginReloadAssembly (393ms)
			ExecutionOrderSort (0ms)
			DisableScriptedObjects (21ms)
			BackupInstance (0ms)
			ReleaseScriptingObjects (0ms)
			CreateAndSetChildDomain (37ms)
		EndReloadAssembly (1568ms)
			LoadAssemblies (299ms)
			RebuildTransferFunctionScriptingTraits (0ms)
			SetupTypeCache (584ms)
			ReleaseScriptCaches (1ms)
			RebuildScriptCaches (72ms)
			SetupLoadedEditorAssemblies (560ms)
				LogAssemblyErrors (0ms)
				InitializePlatformSupportModulesInManaged (10ms)
				SetLoadedEditorAssemblies (1ms)
				RefreshPlugins (1ms)
				BeforeProcessingInitializeOnLoad (94ms)
				ProcessInitializeOnLoadAttributes (442ms)
				ProcessInitializeOnLoadMethodAttributes (7ms)
				AfterProcessingInitializeOnLoad (4ms)
				EditorAssembliesLoaded (0ms)
			ExecutionOrderSort2 (0ms)
			AwakeInstancesAfterBackupRestoration (11ms)
Platform modules already initialized, skipping
========================================================================
Worker process is ready to serve import requests
Launched and connected shader compiler UnityShaderCompiler.exe after 0.10 seconds
Refreshing native plugins compatible for Editor in 0.86 ms, found 2 plugins.
Preloading 0 native plugins for Editor in 0.00 ms.
Unloading 1881 Unused Serialized files (Serialized files now loaded: 0)
System memory in use before: 89.9 MB.
System memory in use after: 90.0 MB.

Unloading 16 unused Assets to reduce memory usage. Loaded Objects now: 2320.
Total: 4.422700 ms (FindLiveObjects: 0.270200 ms CreateObjectMapping: 0.061000 ms MarkObjects: 3.945300 ms  DeleteObjects: 0.143100 ms)

AssetImportParameters requested are different than current active one (requested -> active):
  custom:framework-win-MediaFoundation: 216162199b28c13a410421893ffa2e32 -> 
  custom:video-decoder-ogg-theora: a1e56fd34408186e4bbccfd4996cb3dc -> 
  custom:container-muxer-webm: aa71ff27fc2769a1b78a27578f13a17b -> 
  custom:container-demuxer-webm: 4f35f7cbe854078d1ac9338744f61a02 -> 
  custom:container-demuxer-ogg: 62fdf1f143b41e24485cea50d1cbac27 -> 
  custom:video-encoder-webm-vp8: eb34c28f22e8b96e1ab97ce403110664 -> 
  custom:video-decoder-webm-vp8: 9c59270c3fd7afecdb556c50c9e8de78 -> 
  custom:audio-decoder-ogg-vorbis: bf7c407c2cedff20999df2af8eb42d56 -> 
  custom:audio-encoder-webm-vorbis: bf7c407c2cedff20999df2af8eb42d56 -> 
========================================================================
Received Import Request.
  path: Assets/Main_post_procesing.asset
  artifactKey: Guid(29201256ea044ab46b073f9e6f4dbbd0) Importer(815301076,1909f56bfc062723c751e8b465ee728b)
Start importing Assets/Main_post_procesing.asset using Guid(29201256ea044ab46b073f9e6f4dbbd0) Importer(815301076,1909f56bfc062723c751e8b465ee728b)  -> (artifact id: 'd3f933adaf3f413214d2ed35e082c6fa') in 0.272182 seconds 
  Import took 0.280781 seconds .

========================================================================
Received Import Request.
  Time since last request: 168.495670 seconds.
  path: Assets/animation
  artifactKey: Guid(e5f45907c021fd040a7120d7a61cf74c) Importer(815301076,1909f56bfc062723c751e8b465ee728b)
Start importing Assets/animation using Guid(e5f45907c021fd040a7120d7a61cf74c) Importer(815301076,1909f56bfc062723c751e8b465ee728b)  -> (artifact id: '945a4dd185af8082c81fea9450e45fa7') in 0.005901 seconds 
  Import took 0.015346 seconds .

========================================================================
Received Import Request.
  Time since last request: 8.201711 seconds.
  path: Assets/obj
  artifactKey: Guid(4b87098d0e5f2334381fcbe4bd360c89) Importer(815301076,1909f56bfc062723c751e8b465ee728b)
Start importing Assets/obj using Guid(4b87098d0e5f2334381fcbe4bd360c89) Importer(815301076,1909f56bfc062723c751e8b465ee728b)  -> (artifact id: '0ff41988fa9381db2f67c64c56602d14') in 0.004337 seconds 
  Import took 0.010768 seconds .

========================================================================
Received Import Request.
  Time since last request: 3103.633551 seconds.
  path: Assets/obj/Luke_obj .fbx
  artifactKey: Guid(4f1831e8caddc6e4fbaf85088e0f4e77) Importer(815301076,1909f56bfc062723c751e8b465ee728b)
Start importing Assets/obj/Luke_obj .fbx using Guid(4f1831e8caddc6e4fbaf85088e0f4e77) Importer(815301076,1909f56bfc062723c751e8b465ee728b)  -> (artifact id: '53853e70895417983f9ca5385a63e22b') in 17.783819 seconds 
  Import took 18.322327 seconds .

========================================================================
Received Import Request.
  Time since last request: 120.868383 seconds.
  path: Assets/Player/Luke_obj _DefaultMaterial_BaseMap.png
  artifactKey: Guid(40ab85588f7b5e84ba835b606c890068) Importer(815301076,1909f56bfc062723c751e8b465ee728b)
Start importing Assets/Player/Luke_obj _DefaultMaterial_BaseMap.png using Guid(40ab85588f7b5e84ba835b606c890068) Importer(815301076,1909f56bfc062723c751e8b465ee728b)  -> (artifact id: 'ef131cee430157a683129e62220274b7') in 0.778934 seconds 
  Import took 0.805819 seconds .

========================================================================
Received Import Request.
  Time since last request: 0.005739 seconds.
  path: Assets/Player/Luke_obj _DefaultMaterial_Normal.png
  artifactKey: Guid(578cd07b71476c0489718315995c76cc) Importer(815301076,1909f56bfc062723c751e8b465ee728b)
Start importing Assets/Player/Luke_obj _DefaultMaterial_Normal.png using Guid(578cd07b71476c0489718315995c76cc) Importer(815301076,1909f56bfc062723c751e8b465ee728b)  -> (artifact id: '5da909b3fcbe72c15590789ddfc16553') in 0.181020 seconds 
  Import took 0.242551 seconds .

========================================================================
Received Import Request.
  Time since last request: 0.025980 seconds.
  path: Assets/Player/Luke_obj _DefaultMaterial_MaskMap.png
  artifactKey: Guid(5d2ec2345d7d2c74f803dee1d22c62b1) Importer(815301076,1909f56bfc062723c751e8b465ee728b)
Start importing Assets/Player/Luke_obj _DefaultMaterial_MaskMap.png using Guid(5d2ec2345d7d2c74f803dee1d22c62b1) Importer(815301076,1909f56bfc062723c751e8b465ee728b)  -> (artifact id: 'b7813cc3f8355d0f391bf8dec834dbd9') in 0.129207 seconds 
  Import took 0.171398 seconds .

========================================================================
Received Import Request.
  Time since last request: 31.773889 seconds.
  path: Assets/Player/Luke_obj _DefaultMaterial_Normal.png
  artifactKey: Guid(578cd07b71476c0489718315995c76cc) Importer(815301076,1909f56bfc062723c751e8b465ee728b)
Start importing Assets/Player/Luke_obj _DefaultMaterial_Normal.png using Guid(578cd07b71476c0489718315995c76cc) Importer(815301076,1909f56bfc062723c751e8b465ee728b)  -> (artifact id: '156e820c99b60dc09981ee31d0a4d2ac') in 0.245687 seconds 
  Import took 0.312502 seconds .

========================================================================
Received Import Request.
  Time since last request: 21.212225 seconds.
  path: Assets/Player/Luke_material.mat
  artifactKey: Guid(3a98fa9e79082f44b96fe4580fae292b) Importer(815301076,1909f56bfc062723c751e8b465ee728b)
Start importing Assets/Player/Luke_material.mat using Guid(3a98fa9e79082f44b96fe4580fae292b) Importer(815301076,1909f56bfc062723c751e8b465ee728b)  -> (artifact id: 'b69f4dd3bacd8a8b9dec1c25b572ced4') in 2.302883 seconds 
  Import took 2.346676 seconds .

========================================================================
Received Prepare
Registering precompiled user dll's ...
Registered in 0.087622 seconds.
Begin MonoManager ReloadAssembly
Native extension for WindowsStandalone target not found
Refreshing native plugins compatible for Editor in 0.70 ms, found 2 plugins.
Preloading 0 native plugins for Editor in 0.00 ms.
Mono: successfully reloaded assembly
- Completed reload, in 19.361 seconds
Domain Reload Profiling:
	ReloadAssembly (19437ms)
		BeginReloadAssembly (10044ms)
			ExecutionOrderSort (0ms)
			DisableScriptedObjects (534ms)
			BackupInstance (0ms)
			ReleaseScriptingObjects (1ms)
			CreateAndSetChildDomain (6448ms)
		EndReloadAssembly (8628ms)
			LoadAssemblies (1436ms)
			RebuildTransferFunctionScriptingTraits (0ms)
			SetupTypeCache (2452ms)
			ReleaseScriptCaches (2ms)
			RebuildScriptCaches (673ms)
			SetupLoadedEditorAssemblies (2904ms)
				LogAssemblyErrors (0ms)
				InitializePlatformSupportModulesInManaged (247ms)
				SetLoadedEditorAssemblies (5ms)
				RefreshPlugins (192ms)
				BeforeProcessingInitializeOnLoad (775ms)
				ProcessInitializeOnLoadAttributes (1482ms)
				ProcessInitializeOnLoadMethodAttributes (197ms)
				AfterProcessingInitializeOnLoad (5ms)
				EditorAssembliesLoaded (0ms)
			ExecutionOrderSort2 (0ms)
			AwakeInstancesAfterBackupRestoration (97ms)
Platform modules already initialized, skipping
Refreshing native plugins compatible for Editor in 1.09 ms, found 2 plugins.
Preloading 0 native plugins for Editor in 0.00 ms.
Unloading 1825 Unused Serialized files (Serialized files now loaded: 0)
System memory in use before: 88.3 MB.
System memory in use after: 88.4 MB.

Unloading 12 unused Assets to reduce memory usage. Loaded Objects now: 2368.
Total: 36.192300 ms (FindLiveObjects: 0.388200 ms CreateObjectMapping: 0.277800 ms MarkObjects: 35.429600 ms  DeleteObjects: 0.093300 ms)

AssetImportParameters requested are different than current active one (requested -> active):
  custom:framework-win-MediaFoundation: 216162199b28c13a410421893ffa2e32 -> 
  custom:video-decoder-ogg-theora: a1e56fd34408186e4bbccfd4996cb3dc -> 
  custom:container-muxer-webm: aa71ff27fc2769a1b78a27578f13a17b -> 
  custom:container-demuxer-webm: 4f35f7cbe854078d1ac9338744f61a02 -> 
  custom:container-demuxer-ogg: 62fdf1f143b41e24485cea50d1cbac27 -> 
  custom:video-encoder-webm-vp8: eb34c28f22e8b96e1ab97ce403110664 -> 
  custom:video-decoder-webm-vp8: 9c59270c3fd7afecdb556c50c9e8de78 -> 
  custom:audio-decoder-ogg-vorbis: bf7c407c2cedff20999df2af8eb42d56 -> 
  custom:audio-encoder-webm-vorbis: bf7c407c2cedff20999df2af8eb42d56 -> 
========================================================================
Received Import Request.
  Time since last request: 280.476505 seconds.
  path: Assets/Player/Luke_material.mat
  artifactKey: Guid(3a98fa9e79082f44b96fe4580fae292b) Importer(815301076,1909f56bfc062723c751e8b465ee728b)
Start importing Assets/Player/Luke_material.mat using Guid(3a98fa9e79082f44b96fe4580fae292b) Importer(815301076,1909f56bfc062723c751e8b465ee728b)  -> (artifact id: '325fd3b7c3e70b957bc2095f6c9eaca5') in 0.677164 seconds 
  Import took 0.717647 seconds .

AssetImportWorkerClient::OnTransportError - code=2 error=End of file
